<?xml version="1.0" encoding="utf-8"?><testsuites><testsuite name="pytest" errors="0" failures="0" skipped="0" tests="11" time="3.007" timestamp="2026-08-22T19:07:12.710652+02:00" hostname="MACJ52TFXLR42"><testcase classname="test.tgedr_observability.test_logs" name="test_logger" time="1.067" /><testcase classname="test.tgedr_observability.test_logs" name="test_logs_lifecycle_methods" time="0.002" /><testcase classname="test.tgedr_observability.test_logs" name="test_logs_app_shutdown" time="0.001" /><testcase classname="test.tgedr_observability.test_metrics" name="test_counter" time="1.042" /><testcase classname="test.tgedr_observability.test_metrics" name="test_gauge" time="0.018" /><testcase classname="test.tgedr_observability.test_metrics" name="test_gauge_s" time="0.011" /><testcase classname="test.tgedr_observability.test_metrics" name="test_histogram" time="0.032" /><testcase classname="test.tgedr_observability.test_metrics" name="test_histogram_s" time="0.045" /><testcase classname="test.tgedr_observability.test_metrics" name="test_invalid_metric_name_raises_value_error" time="0.001" /><testcase classname="test.tgedr_observability.test_metrics" name="test_metrics_lifecycle_methods" time="0.040" /><testcase classname="test.tgedr_observability.test_metrics" name="test_metrics_app_shutdown" time="0.001" /></testsuite></testsuites>
