<?xml version="1.0" encoding="utf-8"?><testsuites><testsuite name="pytest" errors="0" failures="0" skipped="0" tests="19" time="3.862" timestamp="2026-08-27T21:33:20.867217+02:00" hostname="MACJ52TFXLR42"><testcase classname="test.tgedr_observability.test_commons" name="test_resolve_from_env_without_endpoint_uses_defaults" time="0.003" /><testcase classname="test.tgedr_observability.test_commons" name="test_resolve_from_env_without_service_uses_default" time="0.000" /><testcase classname="test.tgedr_observability.test_commons" name="test_otlp_config_defaults_service" time="0.000" /><testcase classname="test.tgedr_observability.test_commons" name="test_resolve_from_env_with_endpoint_and_headers" time="0.000" /><testcase classname="test.tgedr_observability.test_commons" name="test_resolve_from_env_with_file_exporters" time="0.000" /><testcase classname="test.tgedr_observability.test_logs" name="test_logger" time="1.061" /><testcase classname="test.tgedr_observability.test_logs" name="test_logs_lifecycle_methods" time="0.009" /><testcase classname="test.tgedr_observability.test_logs" name="test_logs_app_shutdown" time="0.016" /><testcase classname="test.tgedr_observability.test_logs" name="test_logs_instance_always_returns_instance" time="0.013" /><testcase classname="test.tgedr_observability.test_metrics" name="test_counter" time="1.036" /><testcase classname="test.tgedr_observability.test_metrics" name="test_counter_fileexport" time="0.019" /><testcase classname="test.tgedr_observability.test_metrics" name="test_gauge" time="0.012" /><testcase classname="test.tgedr_observability.test_metrics" name="test_gauge_s" time="0.013" /><testcase classname="test.tgedr_observability.test_metrics" name="test_histogram" time="0.045" /><testcase classname="test.tgedr_observability.test_metrics" name="test_histogram_s" time="0.074" /><testcase classname="test.tgedr_observability.test_metrics" name="test_invalid_metric_name_raises_value_error" time="0.001" /><testcase classname="test.tgedr_observability.test_metrics" name="test_metrics_lifecycle_methods" time="0.079" /><testcase classname="test.tgedr_observability.test_metrics" name="test_metrics_app_shutdown" time="0.010" /><testcase classname="test.tgedr_observability.test_metrics" name="test_metrics_instance_always_returns_instance" time="0.001" /></testsuite></testsuites>
